0 info it worked if it ends with ok
1 verbose cli [ '/usr/local/bin/node',
1 verbose cli   '/usr/local/bin/npm',
1 verbose cli   'install',
1 verbose cli   'mongod' ]
2 info using npm@1.3.14
3 info using node@v0.10.22
4 warn package.json crypto@0.0.3 crypto is also the name of a node core module.
5 verbose readDependencies using package.json deps
6 verbose cache add [ 'mongod', null ]
7 verbose cache add name=undefined spec="mongod" args=["mongod",null]
8 verbose parsed url { protocol: null,
8 verbose parsed url   slashes: null,
8 verbose parsed url   auth: null,
8 verbose parsed url   host: null,
8 verbose parsed url   port: null,
8 verbose parsed url   hostname: null,
8 verbose parsed url   hash: null,
8 verbose parsed url   search: null,
8 verbose parsed url   query: null,
8 verbose parsed url   pathname: 'mongod',
8 verbose parsed url   path: 'mongod',
8 verbose parsed url   href: 'mongod' }
9 silly lockFile 2efa196a-mongod mongod
10 verbose lock mongod /home/mean/.npm/2efa196a-mongod.lock
11 silly lockFile 2efa196a-mongod mongod
12 silly lockFile 2efa196a-mongod mongod
13 verbose addNamed [ 'mongod', '' ]
14 verbose addNamed [ null, '*' ]
15 silly lockFile aa6e1ae3-mongod mongod@
16 verbose lock mongod@ /home/mean/.npm/aa6e1ae3-mongod.lock
17 silly addNameRange { name: 'mongod', range: '*', hasData: false }
18 verbose url raw mongod
19 verbose url resolving [ 'https://registry.npmjs.org/', './mongod' ]
20 verbose url resolved https://registry.npmjs.org/mongod
21 info trying registry request attempt 1 at 20:11:00
22 http GET https://registry.npmjs.org/mongod
23 http 200 https://registry.npmjs.org/mongod
24 silly registry.get cb [ 200,
24 silly registry.get   { date: 'Mon, 24 Feb 2014 04:11:13 GMT',
24 silly registry.get     server: 'CouchDB/1.5.0 (Erlang OTP/R16B)',
24 silly registry.get     etag: '"EXTYVR68MSR1EHVE8BN3V860S"',
24 silly registry.get     'content-type': 'application/json',
24 silly registry.get     via: '1.1 varnish',
24 silly registry.get     'cache-control': 'max-age=1',
24 silly registry.get     'content-length': '7374',
24 silly registry.get     'accept-ranges': 'bytes',
24 silly registry.get     age: '0',
24 silly registry.get     'x-served-by': 'cache-v37-ASH, cache-ty67-TYO',
24 silly registry.get     'x-cache': 'MISS, MISS',
24 silly registry.get     'x-cache-hits': '0, 0',
24 silly registry.get     'x-timer': 'S1393215073.428310871,VS0,VS128,VE147,VE201',
24 silly registry.get     vary: 'Accept',
24 silly registry.get     'keep-alive': 'timeout=10, max=50',
24 silly registry.get     connection: 'Keep-Alive' } ]
25 silly addNameRange number 2 { name: 'mongod', range: '*', hasData: true }
26 silly addNameRange versions [ 'mongod', [ '1.0.0', '1.1.0', '1.1.1' ] ]
27 verbose addNamed [ 'mongod', '1.1.1' ]
28 verbose addNamed [ '1.1.1', '1.1.1' ]
29 silly lockFile 4265427e-mongod-1-1-1 mongod@1.1.1
30 verbose lock mongod@1.1.1 /home/mean/.npm/4265427e-mongod-1-1-1.lock
31 silly lockFile 55fe0983-pmjs-org-mongod-mongod-1-1-1-tgz https://registry.npmjs.org/mongod/-/mongod-1.1.1.tgz
32 verbose lock https://registry.npmjs.org/mongod/-/mongod-1.1.1.tgz /home/mean/.npm/55fe0983-pmjs-org-mongod-mongod-1-1-1-tgz.lock
33 verbose addRemoteTarball [ 'https://registry.npmjs.org/mongod/-/mongod-1.1.1.tgz',
33 verbose addRemoteTarball   'e3235afa5effef7bfdafaf44fd82057ceb7af807' ]
34 silly lockFile 55fe0983-pmjs-org-mongod-mongod-1-1-1-tgz https://registry.npmjs.org/mongod/-/mongod-1.1.1.tgz
35 silly lockFile 55fe0983-pmjs-org-mongod-mongod-1-1-1-tgz https://registry.npmjs.org/mongod/-/mongod-1.1.1.tgz
36 silly lockFile 4265427e-mongod-1-1-1 mongod@1.1.1
37 silly lockFile 4265427e-mongod-1-1-1 mongod@1.1.1
38 silly lockFile aa6e1ae3-mongod mongod@
39 silly lockFile aa6e1ae3-mongod mongod@
40 error Error: EACCES, mkdir '/home/mean/tmp/npm-4106-BvMZiwsu'
40 error  { [Error: EACCES, mkdir '/home/mean/tmp/npm-4106-BvMZiwsu']
40 error   errno: 3,
40 error   code: 'EACCES',
40 error   path: '/home/mean/tmp/npm-4106-BvMZiwsu' }
41 error Please try running this command again as root/Administrator.
42 error System Linux 3.2.0-23-generic
43 error command "/usr/local/bin/node" "/usr/local/bin/npm" "install" "mongod"
44 error cwd /home/mean/sun/intelli-dash
45 error node -v v0.10.22
46 error npm -v 1.3.14
47 error path /home/mean/tmp/npm-4106-BvMZiwsu
48 error code EACCES
49 error errno 3
50 error stack Error: EACCES, mkdir '/home/mean/tmp/npm-4106-BvMZiwsu'
51 verbose exit [ 3, true ]
